<?xml version="1.0" encoding="UTF-8"?>
<testsuite xmlns:xsi="http://www.w3.org/2001/XMLSchema-instance" xsi:noNamespaceSchemaLocation="https://maven.apache.org/surefire/maven-failsafe-plugin/xsd/failsafe-test-report.xsd" name="helsinki.tablecodes.assets.AssetClassTest" time="58.597" tests="12" errors="0" skipped="0" failures="0">
  <properties>
    <property name="sun.desktop" value="windows"/>
    <property name="awt.toolkit" value="sun.awt.windows.WToolkit"/>
    <property name="file.encoding.pkg" value="sun.io"/>
    <property name="java.specification.version" value="1.8"/>
    <property name="sun.cpu.isalist" value="amd64"/>
    <property name="sun.jnu.encoding" value="Cp1251"/>
    <property name="java.class.path" value="C:\Users\Pavlo\eclipse-workspace\Ternopil\airport-dao\target\test-classes;C:\Users\Pavlo\eclipse-workspace\Ternopil\airport-dao\target\classes;C:\Users\Pavlo\eclipse-workspace\Ternopil\airport-pojo-bl\target\classes;C:\Users\Pavlo\.m2\repository\fielden\platform-pojo-bl\1.4.5-SNAPSHOT\platform-pojo-bl-1.4.5-SNAPSHOT.jar;C:\Users\Pavlo\.m2\repository\com\google\guava\guava\25.1-jre\guava-25.1-jre.jar;C:\Users\Pavlo\.m2\repository\com\google\code\findbugs\jsr305\3.0.2\jsr305-3.0.2.jar;C:\Users\Pavlo\.m2\repository\org\checkerframework\checker-qual\2.0.0\checker-qual-2.0.0.jar;C:\Users\Pavlo\.m2\repository\com\google\errorprone\error_prone_annotations\2.1.3\error_prone_annotations-2.1.3.jar;C:\Users\Pavlo\.m2\repository\com\google\j2objc\j2objc-annotations\1.1\j2objc-annotations-1.1.jar;C:\Users\Pavlo\.m2\repository\org\codehaus\mojo\animal-sniffer-annotations\1.14\animal-sniffer-annotations-1.14.jar;C:\Users\Pavlo\.m2\repository\com\google\inject\guice\4.2.0\guice-4.2.0.jar;C:\Users\Pavlo\.m2\repository\javax\inject\javax.inject\1\javax.inject-1.jar;C:\Users\Pavlo\.m2\repository\aopalliance\aopalliance\1.0\aopalliance-1.0.jar;C:\Users\Pavlo\.m2\repository\joda-time\joda-time\2.10\joda-time-2.10.jar;C:\Users\Pavlo\.m2\repository\com\fasterxml\jackson\core\jackson-annotations\2.10.0\jackson-annotations-2.10.0.jar;C:\Users\Pavlo\.m2\repository\com\fasterxml\jackson\core\jackson-core\2.10.0\jackson-core-2.10.0.jar;C:\Users\Pavlo\.m2\repository\com\fasterxml\jackson\core\jackson-databind\2.10.0\jackson-databind-2.10.0.jar;C:\Users\Pavlo\.m2\repository\io\reactivex\rxjava\1.3.8\rxjava-1.3.8.jar;C:\Users\Pavlo\.m2\repository\org\kohsuke\asm5\5.0.1\asm5-5.0.1.jar;C:\Users\Pavlo\.m2\repository\net\bytebuddy\byte-buddy\1.9.4\byte-buddy-1.9.4.jar;C:\Users\Pavlo\.m2\repository\org\javassist\javassist\3.24.0-GA\javassist-3.24.0-GA.jar;C:\Users\Pavlo\.m2\repository\com\nulab-inc\zxcvbn\1.1.1\zxcvbn-1.1.1.jar;C:\Users\Pavlo\.m2\repository\javax\mail\mail\1.5.0-b01\mail-1.5.0-b01.jar;C:\Users\Pavlo\.m2\repository\javax\activation\activation\1.1\activation-1.1.jar;C:\Users\Pavlo\.m2\repository\org\apache\poi\poi\3.16\poi-3.16.jar;C:\Users\Pavlo\.m2\repository\commons-codec\commons-codec\1.10\commons-codec-1.10.jar;C:\Users\Pavlo\.m2\repository\org\apache\commons\commons-collections4\4.1\commons-collections4-4.1.jar;C:\Users\Pavlo\.m2\repository\net\sf\jasperreports\jasperreports\4.7.1\jasperreports-4.7.1.jar;C:\Users\Pavlo\.m2\repository\commons-beanutils\commons-beanutils\1.8.0\commons-beanutils-1.8.0.jar;C:\Users\Pavlo\.m2\repository\commons-digester\commons-digester\2.1\commons-digester-2.1.jar;C:\Users\Pavlo\.m2\repository\commons-logging\commons-logging\1.1.1\commons-logging-1.1.1.jar;C:\Users\Pavlo\.m2\repository\xml-apis\xml-apis\1.3.02\xml-apis-1.3.02.jar;C:\Users\Pavlo\.m2\repository\eclipse\jdtcore\3.1.0\jdtcore-3.1.0.jar;C:\Users\Pavlo\.m2\repository\org\codehaus\castor\castor\1.2\castor-1.2.jar;C:\Users\Pavlo\.m2\repository\org\apache\poi\poi-ooxml\3.7\poi-ooxml-3.7.jar;C:\Users\Pavlo\.m2\repository\org\apache\poi\poi-ooxml-schemas\3.7\poi-ooxml-schemas-3.7.jar;C:\Users\Pavlo\.m2\repository\org\apache\xmlbeans\xmlbeans\2.3.0\xmlbeans-2.3.0.jar;C:\Users\Pavlo\.m2\repository\stax\stax-api\1.0.1\stax-api-1.0.1.jar;C:\Users\Pavlo\.m2\repository\org\apache\geronimo\specs\geronimo-stax-api_1.0_spec\1.0\geronimo-stax-api_1.0_spec-1.0.jar;C:\Users\Pavlo\.m2\repository\dom4j\dom4j\1.6.1\dom4j-1.6.1.jar;C:\Users\Pavlo\.m2\repository\org\codehaus\jackson\jackson-core-asl\1.9.4\jackson-core-asl-1.9.4.jar;C:\Users\Pavlo\.m2\repository\org\codehaus\jackson\jackson-mapper-asl\1.9.4\jackson-mapper-asl-1.9.4.jar;C:\Users\Pavlo\.m2\repository\org\codehaus\groovy\groovy-all\1.5.5\groovy-all-1.5.5.jar;C:\Users\Pavlo\.m2\repository\org\apache\ant\ant-launcher\1.7.0\ant-launcher-1.7.0.jar;C:\Users\Pavlo\.m2\repository\jline\jline\0.9.94\jline-0.9.94.jar;C:\Users\Pavlo\.m2\repository\com\lowagie\itext\2.1.7\itext-2.1.7.jar;C:\Users\Pavlo\.m2\repository\bouncycastle\bcmail-jdk14\138\bcmail-jdk14-138.jar;C:\Users\Pavlo\.m2\repository\bouncycastle\bcprov-jdk14\138\bcprov-jdk14-138.jar;C:\Users\Pavlo\.m2\repository\org\bouncycastle\bctsp-jdk14\1.38\bctsp-jdk14-1.38.jar;C:\Users\Pavlo\.m2\repository\org\bouncycastle\bcprov-jdk14\1.38\bcprov-jdk14-1.38.jar;C:\Users\Pavlo\.m2\repository\org\bouncycastle\bcmail-jdk14\1.38\bcmail-jdk14-1.38.jar;C:\Users\Pavlo\.m2\repository\log4j\log4j\1.2.17\log4j-1.2.17.jar;C:\Users\Pavlo\.m2\repository\xerces\xercesImpl\2.9.1\xercesImpl-2.9.1.jar;C:\Users\Pavlo\.m2\repository\org\apache\ant\ant\1.7.0\ant-1.7.0.jar;C:\Users\Pavlo\.m2\repository\commons-validator\commons-validator\1.5.1\commons-validator-1.5.1.jar;C:\Users\Pavlo\.m2\repository\commons-jexl\commons-jexl\1.1\commons-jexl-1.1.jar;C:\Users\Pavlo\.m2\repository\commons-io\commons-io\2.6\commons-io-2.6.jar;C:\Users\Pavlo\.m2\repository\commons-lang\commons-lang\2.6\commons-lang-2.6.jar;C:\Users\Pavlo\.m2\repository\fielden\platform-dao\1.4.5-SNAPSHOT\platform-dao-1.4.5-SNAPSHOT.jar;C:\Users\Pavlo\.m2\repository\org\dbunit\dbunit\2.4.7\dbunit-2.4.7.jar;C:\Users\Pavlo\.m2\repository\commons-collections\commons-collections\3.2.1\commons-collections-3.2.1.jar;C:\Users\Pavlo\.m2\repository\org\slf4j\slf4j-log4j12\1.7.26\slf4j-log4j12-1.7.26.jar;C:\Users\Pavlo\.m2\repository\org\slf4j\slf4j-api\1.7.26\slf4j-api-1.7.26.jar;C:\Users\Pavlo\.m2\repository\org\hibernate\hibernate-core\5.2.18.Final\hibernate-core-5.2.18.Final.jar;C:\Users\Pavlo\.m2\repository\org\jboss\logging\jboss-logging\3.3.1.Final\jboss-logging-3.3.1.Final.jar;C:\Users\Pavlo\.m2\repository\org\hibernate\javax\persistence\hibernate-jpa-2.1-api\1.0.0.Final\hibernate-jpa-2.1-api-1.0.0.Final.jar;C:\Users\Pavlo\.m2\repository\antlr\antlr\2.7.7\antlr-2.7.7.jar;C:\Users\Pavlo\.m2\repository\org\jboss\spec\javax\transaction\jboss-transaction-api_1.2_spec\1.0.1.Final\jboss-transaction-api_1.2_spec-1.0.1.Final.jar;C:\Users\Pavlo\.m2\repository\org\jboss\jandex\2.0.3.Final\jandex-2.0.3.Final.jar;C:\Users\Pavlo\.m2\repository\com\fasterxml\classmate\1.3.0\classmate-1.3.0.jar;C:\Users\Pavlo\.m2\repository\org\dom4j\dom4j\2.1.1\dom4j-2.1.1.jar;C:\Users\Pavlo\.m2\repository\org\hibernate\common\hibernate-commons-annotations\5.0.1.Final\hibernate-commons-annotations-5.0.1.Final.jar;C:\Users\Pavlo\.m2\repository\org\hibernate\hibernate-hikaricp\5.2.18.Final\hibernate-hikaricp-5.2.18.Final.jar;C:\Users\Pavlo\.m2\repository\com\zaxxer\HikariCP\3.3.1\HikariCP-3.3.1.jar;C:\Users\Pavlo\.m2\repository\org\apache\tika\tika-core\1.22\tika-core-1.22.jar;C:\Users\Pavlo\.m2\repository\junit\junit\4.12\junit-4.12.jar;C:\Users\Pavlo\.m2\repository\org\hamcrest\hamcrest-core\1.3\hamcrest-core-1.3.jar;C:\Users\Pavlo\.m2\repository\com\h2database\h2\1.4.199\h2-1.4.199.jar;C:\Users\Pavlo\.m2\repository\org\mockito\mockito-all\1.10.19\mockito-all-1.10.19.jar;C:\Users\Pavlo\.m2\repository\com\microsoft\sqlserver\mssql-jdbc\7.0.0.jre8\mssql-jdbc-7.0.0.jre8.jar;"/>
    <property name="java.vm.vendor" value="Oracle Corporation"/>
    <property name="sun.arch.data.model" value="64"/>
    <property name="user.variant" value=""/>
    <property name="java.vendor.url" value="http://java.oracle.com/"/>
    <property name="saveScriptsToFile" value="false"/>
    <property name="user.timezone" value=""/>
    <property name="java.vm.specification.version" value="1.8"/>
    <property name="os.name" value="Windows 10"/>
    <property name="user.country" value="UA"/>
    <property name="sun.java.launcher" value="SUN_STANDARD"/>
    <property name="sun.boot.library.path" value="C:\Program Files\Java\jdk1.8.0_181\jre\bin"/>
    <property name="sun.java.command" value="C:\Users\Pavlo\AppData\Local\Temp\surefire799423014974315243\surefirebooter4473424026327357043.jar C:\Users\Pavlo\AppData\Local\Temp\surefire799423014974315243 2020-01-21T20-32-03_970-jvmRun1 surefire679664756493300663tmp surefire_01594891913196499388tmp"/>
    <property name="surefire.test.class.path" value="C:\Users\Pavlo\eclipse-workspace\Ternopil\airport-dao\target\test-classes;C:\Users\Pavlo\eclipse-workspace\Ternopil\airport-dao\target\classes;C:\Users\Pavlo\eclipse-workspace\Ternopil\airport-pojo-bl\target\classes;C:\Users\Pavlo\.m2\repository\fielden\platform-pojo-bl\1.4.5-SNAPSHOT\platform-pojo-bl-1.4.5-SNAPSHOT.jar;C:\Users\Pavlo\.m2\repository\com\google\guava\guava\25.1-jre\guava-25.1-jre.jar;C:\Users\Pavlo\.m2\repository\com\google\code\findbugs\jsr305\3.0.2\jsr305-3.0.2.jar;C:\Users\Pavlo\.m2\repository\org\checkerframework\checker-qual\2.0.0\checker-qual-2.0.0.jar;C:\Users\Pavlo\.m2\repository\com\google\errorprone\error_prone_annotations\2.1.3\error_prone_annotations-2.1.3.jar;C:\Users\Pavlo\.m2\repository\com\google\j2objc\j2objc-annotations\1.1\j2objc-annotations-1.1.jar;C:\Users\Pavlo\.m2\repository\org\codehaus\mojo\animal-sniffer-annotations\1.14\animal-sniffer-annotations-1.14.jar;C:\Users\Pavlo\.m2\repository\com\google\inject\guice\4.2.0\guice-4.2.0.jar;C:\Users\Pavlo\.m2\repository\javax\inject\javax.inject\1\javax.inject-1.jar;C:\Users\Pavlo\.m2\repository\aopalliance\aopalliance\1.0\aopalliance-1.0.jar;C:\Users\Pavlo\.m2\repository\joda-time\joda-time\2.10\joda-time-2.10.jar;C:\Users\Pavlo\.m2\repository\com\fasterxml\jackson\core\jackson-annotations\2.10.0\jackson-annotations-2.10.0.jar;C:\Users\Pavlo\.m2\repository\com\fasterxml\jackson\core\jackson-core\2.10.0\jackson-core-2.10.0.jar;C:\Users\Pavlo\.m2\repository\com\fasterxml\jackson\core\jackson-databind\2.10.0\jackson-databind-2.10.0.jar;C:\Users\Pavlo\.m2\repository\io\reactivex\rxjava\1.3.8\rxjava-1.3.8.jar;C:\Users\Pavlo\.m2\repository\org\kohsuke\asm5\5.0.1\asm5-5.0.1.jar;C:\Users\Pavlo\.m2\repository\net\bytebuddy\byte-buddy\1.9.4\byte-buddy-1.9.4.jar;C:\Users\Pavlo\.m2\repository\org\javassist\javassist\3.24.0-GA\javassist-3.24.0-GA.jar;C:\Users\Pavlo\.m2\repository\com\nulab-inc\zxcvbn\1.1.1\zxcvbn-1.1.1.jar;C:\Users\Pavlo\.m2\repository\javax\mail\mail\1.5.0-b01\mail-1.5.0-b01.jar;C:\Users\Pavlo\.m2\repository\javax\activation\activation\1.1\activation-1.1.jar;C:\Users\Pavlo\.m2\repository\org\apache\poi\poi\3.16\poi-3.16.jar;C:\Users\Pavlo\.m2\repository\commons-codec\commons-codec\1.10\commons-codec-1.10.jar;C:\Users\Pavlo\.m2\repository\org\apache\commons\commons-collections4\4.1\commons-collections4-4.1.jar;C:\Users\Pavlo\.m2\repository\net\sf\jasperreports\jasperreports\4.7.1\jasperreports-4.7.1.jar;C:\Users\Pavlo\.m2\repository\commons-beanutils\commons-beanutils\1.8.0\commons-beanutils-1.8.0.jar;C:\Users\Pavlo\.m2\repository\commons-digester\commons-digester\2.1\commons-digester-2.1.jar;C:\Users\Pavlo\.m2\repository\commons-logging\commons-logging\1.1.1\commons-logging-1.1.1.jar;C:\Users\Pavlo\.m2\repository\xml-apis\xml-apis\1.3.02\xml-apis-1.3.02.jar;C:\Users\Pavlo\.m2\repository\eclipse\jdtcore\3.1.0\jdtcore-3.1.0.jar;C:\Users\Pavlo\.m2\repository\org\codehaus\castor\castor\1.2\castor-1.2.jar;C:\Users\Pavlo\.m2\repository\org\apache\poi\poi-ooxml\3.7\poi-ooxml-3.7.jar;C:\Users\Pavlo\.m2\repository\org\apache\poi\poi-ooxml-schemas\3.7\poi-ooxml-schemas-3.7.jar;C:\Users\Pavlo\.m2\repository\org\apache\xmlbeans\xmlbeans\2.3.0\xmlbeans-2.3.0.jar;C:\Users\Pavlo\.m2\repository\stax\stax-api\1.0.1\stax-api-1.0.1.jar;C:\Users\Pavlo\.m2\repository\org\apache\geronimo\specs\geronimo-stax-api_1.0_spec\1.0\geronimo-stax-api_1.0_spec-1.0.jar;C:\Users\Pavlo\.m2\repository\dom4j\dom4j\1.6.1\dom4j-1.6.1.jar;C:\Users\Pavlo\.m2\repository\org\codehaus\jackson\jackson-core-asl\1.9.4\jackson-core-asl-1.9.4.jar;C:\Users\Pavlo\.m2\repository\org\codehaus\jackson\jackson-mapper-asl\1.9.4\jackson-mapper-asl-1.9.4.jar;C:\Users\Pavlo\.m2\repository\org\codehaus\groovy\groovy-all\1.5.5\groovy-all-1.5.5.jar;C:\Users\Pavlo\.m2\repository\org\apache\ant\ant-launcher\1.7.0\ant-launcher-1.7.0.jar;C:\Users\Pavlo\.m2\repository\jline\jline\0.9.94\jline-0.9.94.jar;C:\Users\Pavlo\.m2\repository\com\lowagie\itext\2.1.7\itext-2.1.7.jar;C:\Users\Pavlo\.m2\repository\bouncycastle\bcmail-jdk14\138\bcmail-jdk14-138.jar;C:\Users\Pavlo\.m2\repository\bouncycastle\bcprov-jdk14\138\bcprov-jdk14-138.jar;C:\Users\Pavlo\.m2\repository\org\bouncycastle\bctsp-jdk14\1.38\bctsp-jdk14-1.38.jar;C:\Users\Pavlo\.m2\repository\org\bouncycastle\bcprov-jdk14\1.38\bcprov-jdk14-1.38.jar;C:\Users\Pavlo\.m2\repository\org\bouncycastle\bcmail-jdk14\1.38\bcmail-jdk14-1.38.jar;C:\Users\Pavlo\.m2\repository\log4j\log4j\1.2.17\log4j-1.2.17.jar;C:\Users\Pavlo\.m2\repository\xerces\xercesImpl\2.9.1\xercesImpl-2.9.1.jar;C:\Users\Pavlo\.m2\repository\org\apache\ant\ant\1.7.0\ant-1.7.0.jar;C:\Users\Pavlo\.m2\repository\commons-validator\commons-validator\1.5.1\commons-validator-1.5.1.jar;C:\Users\Pavlo\.m2\repository\commons-jexl\commons-jexl\1.1\commons-jexl-1.1.jar;C:\Users\Pavlo\.m2\repository\commons-io\commons-io\2.6\commons-io-2.6.jar;C:\Users\Pavlo\.m2\repository\commons-lang\commons-lang\2.6\commons-lang-2.6.jar;C:\Users\Pavlo\.m2\repository\fielden\platform-dao\1.4.5-SNAPSHOT\platform-dao-1.4.5-SNAPSHOT.jar;C:\Users\Pavlo\.m2\repository\org\dbunit\dbunit\2.4.7\dbunit-2.4.7.jar;C:\Users\Pavlo\.m2\repository\commons-collections\commons-collections\3.2.1\commons-collections-3.2.1.jar;C:\Users\Pavlo\.m2\repository\org\slf4j\slf4j-log4j12\1.7.26\slf4j-log4j12-1.7.26.jar;C:\Users\Pavlo\.m2\repository\org\slf4j\slf4j-api\1.7.26\slf4j-api-1.7.26.jar;C:\Users\Pavlo\.m2\repository\org\hibernate\hibernate-core\5.2.18.Final\hibernate-core-5.2.18.Final.jar;C:\Users\Pavlo\.m2\repository\org\jboss\logging\jboss-logging\3.3.1.Final\jboss-logging-3.3.1.Final.jar;C:\Users\Pavlo\.m2\repository\org\hibernate\javax\persistence\hibernate-jpa-2.1-api\1.0.0.Final\hibernate-jpa-2.1-api-1.0.0.Final.jar;C:\Users\Pavlo\.m2\repository\antlr\antlr\2.7.7\antlr-2.7.7.jar;C:\Users\Pavlo\.m2\repository\org\jboss\spec\javax\transaction\jboss-transaction-api_1.2_spec\1.0.1.Final\jboss-transaction-api_1.2_spec-1.0.1.Final.jar;C:\Users\Pavlo\.m2\repository\org\jboss\jandex\2.0.3.Final\jandex-2.0.3.Final.jar;C:\Users\Pavlo\.m2\repository\com\fasterxml\classmate\1.3.0\classmate-1.3.0.jar;C:\Users\Pavlo\.m2\repository\org\dom4j\dom4j\2.1.1\dom4j-2.1.1.jar;C:\Users\Pavlo\.m2\repository\org\hibernate\common\hibernate-commons-annotations\5.0.1.Final\hibernate-commons-annotations-5.0.1.Final.jar;C:\Users\Pavlo\.m2\repository\org\hibernate\hibernate-hikaricp\5.2.18.Final\hibernate-hikaricp-5.2.18.Final.jar;C:\Users\Pavlo\.m2\repository\com\zaxxer\HikariCP\3.3.1\HikariCP-3.3.1.jar;C:\Users\Pavlo\.m2\repository\org\apache\tika\tika-core\1.22\tika-core-1.22.jar;C:\Users\Pavlo\.m2\repository\junit\junit\4.12\junit-4.12.jar;C:\Users\Pavlo\.m2\repository\org\hamcrest\hamcrest-core\1.3\hamcrest-core-1.3.jar;C:\Users\Pavlo\.m2\repository\com\h2database\h2\1.4.199\h2-1.4.199.jar;C:\Users\Pavlo\.m2\repository\org\mockito\mockito-all\1.10.19\mockito-all-1.10.19.jar;C:\Users\Pavlo\.m2\repository\com\microsoft\sqlserver\mssql-jdbc\7.0.0.jre8\mssql-jdbc-7.0.0.jre8.jar;"/>
    <property name="sun.cpu.endian" value="little"/>
    <property name="user.home" value="C:\Users\Pavlo"/>
    <property name="user.language" value="uk"/>
    <property name="java.specification.vendor" value="Oracle Corporation"/>
    <property name="java.home" value="C:\Program Files\Java\jdk1.8.0_181\jre"/>
    <property name="basedir" value="C:\Users\Pavlo\eclipse-workspace\Ternopil\airport-dao"/>
    <property name="file.separator" value="\"/>
    <property name="line.separator" value="&#10;"/>
    <property name="java.vm.specification.vendor" value="Oracle Corporation"/>
    <property name="java.system.class.loader" value="ua.com.fielden.platform.classloader.TgSystemClassLoader"/>
    <property name="java.specification.name" value="Java Platform API Specification"/>
    <property name="java.awt.graphicsenv" value="sun.awt.Win32GraphicsEnvironment"/>
    <property name="loadDataScriptFromFile" value="true"/>
    <property name="surefire.real.class.path" value="C:\Users\Pavlo\AppData\Local\Temp\surefire799423014974315243\surefirebooter4473424026327357043.jar"/>
    <property name="sun.boot.class.path" value="C:\Program Files\Java\jdk1.8.0_181\jre\lib\resources.jar;C:\Program Files\Java\jdk1.8.0_181\jre\lib\rt.jar;C:\Program Files\Java\jdk1.8.0_181\jre\lib\sunrsasign.jar;C:\Program Files\Java\jdk1.8.0_181\jre\lib\jsse.jar;C:\Program Files\Java\jdk1.8.0_181\jre\lib\jce.jar;C:\Program Files\Java\jdk1.8.0_181\jre\lib\charsets.jar;C:\Program Files\Java\jdk1.8.0_181\jre\lib\jfr.jar;C:\Program Files\Java\jdk1.8.0_181\jre\classes"/>
    <property name="user.script" value=""/>
    <property name="sun.management.compiler" value="HotSpot 64-Bit Tiered Compilers"/>
    <property name="java.runtime.version" value="1.8.0_181-b13"/>
    <property name="user.name" value="Pavlo"/>
    <property name="path.separator" value=";"/>
    <property name="os.version" value="10.0"/>
    <property name="java.endorsed.dirs" value="C:\Program Files\Java\jdk1.8.0_181\jre\lib\endorsed"/>
    <property name="java.runtime.name" value="Java(TM) SE Runtime Environment"/>
    <property name="file.encoding" value="Cp1251"/>
    <property name="java.vm.name" value="Java HotSpot(TM) 64-Bit Server VM"/>
    <property name="loadDdlScriptFromFile" value="true"/>
    <property name="databaseUri" value="./src/test/resources/db/TEST_DB_1"/>
    <property name="localRepository" value="C:\Users\Pavlo\.m2\repository"/>
    <property name="java.vendor.url.bug" value="http://bugreport.sun.com/bugreport/"/>
    <property name="java.io.tmpdir" value="C:\Users\Pavlo\AppData\Local\Temp\"/>
    <property name="java.version" value="1.8.0_181"/>
    <property name="user.dir" value="C:\Users\Pavlo\eclipse-workspace\Ternopil\airport-dao"/>
    <property name="os.arch" value="amd64"/>
    <property name="java.vm.specification.name" value="Java Virtual Machine Specification"/>
    <property name="java.awt.printerjob" value="sun.awt.windows.WPrinterJob"/>
    <property name="sun.os.patch.level" value=""/>
    <property name="java.library.path" value="C:\Program Files\Java\jdk1.8.0_181\jre\bin;C:\WINDOWS\Sun\Java\bin;C:\WINDOWS\system32;C:\WINDOWS;C:\WINDOWS\system32;C:\WINDOWS;C:\WINDOWS\System32\Wbem;C:\WINDOWS\System32\WindowsPowerShell\v1.0\;C:\WINDOWS\System32\OpenSSH\;C:\Program Files\Java\jdk1.8.0_181\bin;C:\Program Files\Java\jdk1.8.0_181;C:\Disk D\PC\apache-maven-3.6.2\bin;C:\Program Files\Git\cmd;C:\Users\Pavlo\AppData\Local\Programs\Python\Python36\Scripts\;C:\Users\Pavlo\AppData\Local\Programs\Python\Python36\;C:\Users\Pavlo\AppData\Local\Microsoft\WindowsApps;C:\Users\Pavlo\AppData\Local\atom\bin;C:\Program Files (x86)\mingw-w64\i686-7.2.0-posix-dwarf-rt_v5-rev1\mingw32\bin;C:\Users\Pavlo\AppData\Local\Microsoft\WindowsApps;C:\Users\Pavlo\AppData\Local\Programs\MiKTeX 2.9\miktex\bin\x64\;C:\Program Files\Java\jdk1.8.0_181;;."/>
    <property name="java.vm.info" value="mixed mode"/>
    <property name="java.vendor" value="Oracle Corporation"/>
    <property name="java.vm.version" value="25.181-b13"/>
    <property name="java.ext.dirs" value="C:\Program Files\Java\jdk1.8.0_181\jre\lib\ext;C:\WINDOWS\Sun\Java\lib\ext"/>
    <property name="sun.io.unicode.encoding" value="UnicodeLittle"/>
    <property name="java.class.version" value="52.0"/>
  </properties>
  <testcase name="persistent_predicates_on_abstract_entities" classname="helsinki.tablecodes.assets.AssetClassTest" time="11.893"/>
  <testcase name="some_random_operations" classname="helsinki.tablecodes.assets.AssetClassTest" time="0.632"/>
  <testcase name="can_find_dirty_properties" classname="helsinki.tablecodes.assets.AssetClassTest" time="0.212"/>
  <testcase name="meta_property_for_uninstrumented_instances_do_not_exist" classname="helsinki.tablecodes.assets.AssetClassTest" time="0"/>
  <testcase name="there_are_two_instances_in_test_population" classname="helsinki.tablecodes.assets.AssetClassTest" time="0"/>
  <testcase name="dirty_and_valid_predicates_on_abstract_entities" classname="helsinki.tablecodes.assets.AssetClassTest" time="0"/>
  <testcase name="createdBy_infrmation_is_assigned_upon_saving" classname="helsinki.tablecodes.assets.AssetClassTest" time="0"/>
  <testcase name="asset_class_name_cannot_contain_spaces" classname="helsinki.tablecodes.assets.AssetClassTest" time="0"/>
  <testcase name="requiredness_of_properties_defined_as_required_cannot_be_changed_at_runtime" classname="helsinki.tablecodes.assets.AssetClassTest" time="0"/>
  <testcase name="there_is_only_one_instance_ending_with_2" classname="helsinki.tablecodes.assets.AssetClassTest" time="0"/>
  <testcase name="asset_class_name_cannot_be_shorte_than_3_characters" classname="helsinki.tablecodes.assets.AssetClassTest" time="0"/>
  <testcase name="there_is_only_one_instance_ending_with_2_even_if_conditioning_key" classname="helsinki.tablecodes.assets.AssetClassTest" time="0"/>
</testsuite>